android/app/build/intermediates/manifest_merge_blame_file/debug/processDebugMainManifest/manifest-merger-blame-debug-report.txt
1<?xml version="1.0" encoding="utf-8"?>
2<manifest xmlns:android="http://schemas.android.com/apk/res/android"
3    package="com.rodrigocostadev.store_connect.store_connect"
4    android:versionCode="1"
5    android:versionName="1.0" >
6
7    <uses-sdk
8        android:minSdkVersion="23"
9        android:targetSdkVersion="35" />
10    <!--
11     Required to query activities that can process text, see:
12         https://developer.android.com/training/package-visibility and
13         https://developer.android.com/reference/android/content/Intent#ACTION_PROCESS_TEXT.
14
15         In particular, this is used by the Flutter engine in io.flutter.plugin.text.ProcessTextPlugin.
16    -->
17    <queries>
17-->src\main\AndroidManifest.xml:39:5-44:15
18        <intent>
18-->src\main\AndroidManifest.xml:40:9-43:18
19            <action android:name="android.intent.action.PROCESS_TEXT" />
19-->src\main\AndroidManifest.xml:41:13-72
19-->src\main\AndroidManifest.xml:41:21-70
20
21            <data android:mimeType="text/plain" />
21-->src\main\AndroidManifest.xml:42:13-50
21-->src\main\AndroidManifest.xml:42:19-48
22        </intent>
23    </queries>
24
25    <uses-permission android:name="android.permission.ACCESS_COARSE_LOCATION" />
25-->[com.mercadopago.android.px:checkout:4.53.2] AndroidManifest.xml:9:5-81
25-->[com.mercadopago.android.px:checkout:4.53.2] AndroidManifest.xml:9:22-78
26    <uses-permission android:name="android.permission.INTERNET" />
26-->[com.mercadopago.android.px:checkout:4.53.2] AndroidManifest.xml:10:5-67
26-->[com.mercadopago.android.px:checkout:4.53.2] AndroidManifest.xml:10:22-64
27    <uses-permission android:name="android.permission.ACCESS_NETWORK_STATE" />
27-->[com.mercadopago.android.px:checkout:4.53.2] AndroidManifest.xml:11:5-79
27-->[com.mercadopago.android.px:checkout:4.53.2] AndroidManifest.xml:11:22-76
28    <uses-permission
28-->[com.mercadopago.android.px:checkout:4.53.2] AndroidManifest.xml:12:5-14:36
29        android:name="android.permission.VIBRATE"
29-->[com.mercadopago.android.px:checkout:4.53.2] AndroidManifest.xml:13:9-50
30        android:required="false" />
30-->[com.mercadopago.android.px:checkout:4.53.2] AndroidManifest.xml:14:9-33
31
32    <uses-feature
32-->[com.mercadopago.android.px:checkout:4.53.2] AndroidManifest.xml:16:5-18:36
33        android:name="android.hardware.location.gps"
33-->[com.mercadopago.android.px:checkout:4.53.2] AndroidManifest.xml:17:9-53
34        android:required="false" />
34-->[com.mercadopago.android.px:checkout:4.53.2] AndroidManifest.xml:18:9-33
35
36    <uses-permission android:name="android.permission.WAKE_LOCK" /> <!-- Required by older versions of Google Play services to create IID tokens -->
36-->[com.google.firebase:firebase-iid:21.1.0] AndroidManifest.xml:24:5-68
36-->[com.google.firebase:firebase-iid:21.1.0] AndroidManifest.xml:24:22-65
37    <uses-permission android:name="com.google.android.c2dm.permission.RECEIVE" />
37-->[com.google.firebase:firebase-iid:21.1.0] AndroidManifest.xml:26:5-82
37-->[com.google.firebase:firebase-iid:21.1.0] AndroidManifest.xml:26:22-79
38    <uses-permission android:name="com.google.android.providers.gsf.permission.READ_GSERVICES" />
38-->[com.google.android.recaptcha:recaptcha:18.6.1] AndroidManifest.xml:9:5-98
38-->[com.google.android.recaptcha:recaptcha:18.6.1] AndroidManifest.xml:9:22-95
39
40    <permission
40-->[androidx.core:core:1.13.1] AndroidManifest.xml:22:5-24:47
41        android:name="com.rodrigocostadev.store_connect.store_connect.DYNAMIC_RECEIVER_NOT_EXPORTED_PERMISSION"
41-->[androidx.core:core:1.13.1] AndroidManifest.xml:23:9-81
42        android:protectionLevel="signature" />
42-->[androidx.core:core:1.13.1] AndroidManifest.xml:24:9-44
43
44    <uses-permission android:name="com.rodrigocostadev.store_connect.store_connect.DYNAMIC_RECEIVER_NOT_EXPORTED_PERMISSION" />
44-->[androidx.core:core:1.13.1] AndroidManifest.xml:26:5-97
44-->[androidx.core:core:1.13.1] AndroidManifest.xml:26:22-94
45
46    <application
47        android:name="android.app.Application"
47-->src\debug\AndroidManifest.xml:6:9-42
48        android:appComponentFactory="androidx.core.app.CoreComponentFactory"
48-->[androidx.core:core:1.13.1] AndroidManifest.xml:28:18-86
49        android:debuggable="true"
50        android:extractNativeLibs="false"
51        android:icon="@mipmap/ic_launcher"
51-->src\debug\AndroidManifest.xml:7:9-43
52        android:label="store_connect"
52-->src\debug\AndroidManifest.xml:5:9-38
53        android:supportsRtl="true" >
53-->[com.mercadolibre.android:ui:9.2.1] AndroidManifest.xml:9:18-44
54        <activity
54-->src\debug\AndroidManifest.xml:8:9-24:20
55            android:name="com.rodrigocostadev.store_connect.store_connect.MainActivity"
55-->src\debug\AndroidManifest.xml:9:13-41
56            android:configChanges="orientation|keyboardHidden|keyboard|screenSize|smallestScreenSize|locale|layoutDirection|fontScale|screenLayout|density|uiMode"
56-->src\debug\AndroidManifest.xml:13:13-163
57            android:exported="true"
57-->src\debug\AndroidManifest.xml:10:13-36
58            android:hardwareAccelerated="true"
58-->src\debug\AndroidManifest.xml:14:13-47
59            android:launchMode="singleTop"
59-->src\debug\AndroidManifest.xml:11:13-43
60            android:taskAffinity=""
60-->src\main\AndroidManifest.xml:10:13-36
61            android:theme="@style/LaunchTheme"
61-->src\debug\AndroidManifest.xml:12:13-47
62            android:windowSoftInputMode="adjustResize" >
62-->src\debug\AndroidManifest.xml:15:13-55
63            <meta-data
63-->src\debug\AndroidManifest.xml:16:13-19:19
64                android:name="io.flutter.embedding.android.NormalTheme"
64-->src\debug\AndroidManifest.xml:17:17-72
65                android:resource="@style/NormalTheme" />
65-->src\debug\AndroidManifest.xml:18:17-54
66
67            <intent-filter>
67-->src\debug\AndroidManifest.xml:20:13-23:29
68                <action android:name="android.intent.action.MAIN" />
68-->src\debug\AndroidManifest.xml:21:17-68
68-->src\debug\AndroidManifest.xml:21:25-66
69
70                <category android:name="android.intent.category.LAUNCHER" />
70-->src\debug\AndroidManifest.xml:22:17-76
70-->src\debug\AndroidManifest.xml:22:27-74
71            </intent-filter>
72        </activity>
73
74        <meta-data
74-->src\debug\AndroidManifest.xml:25:9-27:33
75            android:name="flutterEmbedding"
75-->src\debug\AndroidManifest.xml:26:13-44
76            android:value="2" />
76-->src\debug\AndroidManifest.xml:27:13-30
77
78        <service
78-->[:cloud_functions] AndroidManifest.xml:8:9-12:19
79            android:name="com.google.firebase.components.ComponentDiscoveryService"
79-->[:cloud_functions] AndroidManifest.xml:8:18-89
80            android:directBootAware="true"
80-->[com.google.firebase:firebase-common:21.0.0] AndroidManifest.xml:32:13-43
81            android:exported="false" >
81-->[com.google.firebase:firebase-auth:23.2.1] AndroidManifest.xml:68:13-37
82            <meta-data
82-->[:cloud_functions] AndroidManifest.xml:9:13-11:85
83                android:name="com.google.firebase.components:io.flutter.plugins.firebase.functions.FlutterFirebaseAppRegistrar"
83-->[:cloud_functions] AndroidManifest.xml:10:17-128
84                android:value="com.google.firebase.components.ComponentRegistrar" />
84-->[:cloud_functions] AndroidManifest.xml:11:17-82
85            <meta-data
85-->[:firebase_auth] AndroidManifest.xml:9:13-11:85
86                android:name="com.google.firebase.components:io.flutter.plugins.firebase.auth.FlutterFirebaseAuthRegistrar"
86-->[:firebase_auth] AndroidManifest.xml:10:17-124
87                android:value="com.google.firebase.components.ComponentRegistrar" />
87-->[:firebase_auth] AndroidManifest.xml:11:17-82
88            <meta-data
88-->[:cloud_firestore] AndroidManifest.xml:9:13-11:85
89                android:name="com.google.firebase.components:io.flutter.plugins.firebase.firestore.FlutterFirebaseFirestoreRegistrar"
89-->[:cloud_firestore] AndroidManifest.xml:10:17-134
90                android:value="com.google.firebase.components.ComponentRegistrar" />
90-->[:cloud_firestore] AndroidManifest.xml:11:17-82
91            <meta-data
91-->[:firebase_storage] AndroidManifest.xml:9:13-11:85
92                android:name="com.google.firebase.components:io.flutter.plugins.firebase.storage.FlutterFirebaseAppRegistrar"
92-->[:firebase_storage] AndroidManifest.xml:10:17-126
93                android:value="com.google.firebase.components.ComponentRegistrar" />
93-->[:firebase_storage] AndroidManifest.xml:11:17-82
94            <meta-data
94-->[:firebase_core] AndroidManifest.xml:9:13-11:85
95                android:name="com.google.firebase.components:io.flutter.plugins.firebase.core.FlutterFirebaseCoreRegistrar"
95-->[:firebase_core] AndroidManifest.xml:10:17-124
96                android:value="com.google.firebase.components.ComponentRegistrar" />
96-->[:firebase_core] AndroidManifest.xml:11:17-82
97            <meta-data
97-->[com.google.firebase:firebase-auth:23.2.1] AndroidManifest.xml:69:13-71:85
98                android:name="com.google.firebase.components:com.google.firebase.auth.FirebaseAuthRegistrar"
98-->[com.google.firebase:firebase-auth:23.2.1] AndroidManifest.xml:70:17-109
99                android:value="com.google.firebase.components.ComponentRegistrar" />
99-->[com.google.firebase:firebase-auth:23.2.1] AndroidManifest.xml:71:17-82
100            <meta-data
100-->[com.google.firebase:firebase-firestore:25.1.4] AndroidManifest.xml:17:13-19:85
101                android:name="com.google.firebase.components:com.google.firebase.firestore.FirebaseFirestoreKtxRegistrar"
101-->[com.google.firebase:firebase-firestore:25.1.4] AndroidManifest.xml:18:17-122
102                android:value="com.google.firebase.components.ComponentRegistrar" />
102-->[com.google.firebase:firebase-firestore:25.1.4] AndroidManifest.xml:19:17-82
103            <meta-data
103-->[com.google.firebase:firebase-firestore:25.1.4] AndroidManifest.xml:20:13-22:85
104                android:name="com.google.firebase.components:com.google.firebase.firestore.FirestoreRegistrar"
104-->[com.google.firebase:firebase-firestore:25.1.4] AndroidManifest.xml:21:17-111
105                android:value="com.google.firebase.components.ComponentRegistrar" />
105-->[com.google.firebase:firebase-firestore:25.1.4] AndroidManifest.xml:22:17-82
106            <meta-data
106-->[com.google.firebase:firebase-functions:21.2.1] AndroidManifest.xml:15:13-17:85
107                android:name="com.google.firebase.components:com.google.firebase.functions.FirebaseFunctionsKtxRegistrar"
107-->[com.google.firebase:firebase-functions:21.2.1] AndroidManifest.xml:16:17-122
108                android:value="com.google.firebase.components.ComponentRegistrar" />
108-->[com.google.firebase:firebase-functions:21.2.1] AndroidManifest.xml:17:17-82
109            <meta-data
109-->[com.google.firebase:firebase-functions:21.2.1] AndroidManifest.xml:18:13-20:85
110                android:name="com.google.firebase.components:com.google.firebase.functions.FunctionsRegistrar"
110-->[com.google.firebase:firebase-functions:21.2.1] AndroidManifest.xml:19:17-111
111                android:value="com.google.firebase.components.ComponentRegistrar" />
111-->[com.google.firebase:firebase-functions:21.2.1] AndroidManifest.xml:20:17-82
112            <meta-data
112-->[com.google.firebase:firebase-storage:21.0.2] AndroidManifest.xml:30:13-32:85
113                android:name="com.google.firebase.components:com.google.firebase.storage.FirebaseStorageKtxRegistrar"
113-->[com.google.firebase:firebase-storage:21.0.2] AndroidManifest.xml:31:17-118
114                android:value="com.google.firebase.components.ComponentRegistrar" />
114-->[com.google.firebase:firebase-storage:21.0.2] AndroidManifest.xml:32:17-82
115            <meta-data
115-->[com.google.firebase:firebase-storage:21.0.2] AndroidManifest.xml:33:13-35:85
116                android:name="com.google.firebase.components:com.google.firebase.storage.StorageRegistrar"
116-->[com.google.firebase:firebase-storage:21.0.2] AndroidManifest.xml:34:17-107
117                android:value="com.google.firebase.components.ComponentRegistrar" />
117-->[com.google.firebase:firebase-storage:21.0.2] AndroidManifest.xml:35:17-82
118            <meta-data
118-->[com.google.firebase:firebase-appcheck:18.0.0] AndroidManifest.xml:25:13-27:85
119                android:name="com.google.firebase.components:com.google.firebase.appcheck.FirebaseAppCheckKtxRegistrar"
119-->[com.google.firebase:firebase-appcheck:18.0.0] AndroidManifest.xml:26:17-120
120                android:value="com.google.firebase.components.ComponentRegistrar" />
120-->[com.google.firebase:firebase-appcheck:18.0.0] AndroidManifest.xml:27:17-82
121            <meta-data
121-->[com.google.firebase:firebase-appcheck:18.0.0] AndroidManifest.xml:28:13-30:85
122                android:name="com.google.firebase.components:com.google.firebase.appcheck.FirebaseAppCheckRegistrar"
122-->[com.google.firebase:firebase-appcheck:18.0.0] AndroidManifest.xml:29:17-117
123                android:value="com.google.firebase.components.ComponentRegistrar" />
123-->[com.google.firebase:firebase-appcheck:18.0.0] AndroidManifest.xml:30:17-82
124            <meta-data
124-->[com.google.firebase:firebase-iid:21.1.0] AndroidManifest.xml:32:13-34:85
125                android:name="com.google.firebase.components:com.google.firebase.iid.Registrar"
125-->[com.google.firebase:firebase-iid:21.1.0] AndroidManifest.xml:33:17-96
126                android:value="com.google.firebase.components.ComponentRegistrar" />
126-->[com.google.firebase:firebase-iid:21.1.0] AndroidManifest.xml:34:17-82
127            <meta-data
127-->[com.google.firebase:firebase-installations:18.0.0] AndroidManifest.xml:15:13-17:85
128                android:name="com.google.firebase.components:com.google.firebase.installations.FirebaseInstallationsKtxRegistrar"
128-->[com.google.firebase:firebase-installations:18.0.0] AndroidManifest.xml:16:17-130
129                android:value="com.google.firebase.components.ComponentRegistrar" />
129-->[com.google.firebase:firebase-installations:18.0.0] AndroidManifest.xml:17:17-82
130            <meta-data
130-->[com.google.firebase:firebase-installations:18.0.0] AndroidManifest.xml:18:13-20:85
131                android:name="com.google.firebase.components:com.google.firebase.installations.FirebaseInstallationsRegistrar"
131-->[com.google.firebase:firebase-installations:18.0.0] AndroidManifest.xml:19:17-127
132                android:value="com.google.firebase.components.ComponentRegistrar" />
132-->[com.google.firebase:firebase-installations:18.0.0] AndroidManifest.xml:20:17-82
133            <meta-data
133-->[com.google.firebase:firebase-common-ktx:21.0.0] AndroidManifest.xml:12:13-14:85
134                android:name="com.google.firebase.components:com.google.firebase.ktx.FirebaseCommonLegacyRegistrar"
134-->[com.google.firebase:firebase-common-ktx:21.0.0] AndroidManifest.xml:13:17-116
135                android:value="com.google.firebase.components.ComponentRegistrar" />
135-->[com.google.firebase:firebase-common-ktx:21.0.0] AndroidManifest.xml:14:17-82
136            <meta-data
136-->[com.google.firebase:firebase-common:21.0.0] AndroidManifest.xml:35:13-37:85
137                android:name="com.google.firebase.components:com.google.firebase.FirebaseCommonKtxRegistrar"
137-->[com.google.firebase:firebase-common:21.0.0] AndroidManifest.xml:36:17-109
138                android:value="com.google.firebase.components.ComponentRegistrar" />
138-->[com.google.firebase:firebase-common:21.0.0] AndroidManifest.xml:37:17-82
139        </service>
140
141        <activity
141-->[com.mercadopago.android.px:checkout:4.53.2] AndroidManifest.xml:21:9-26:73
142            android:name="com.mercadopago.android.px.internal.features.payment_methods.PaymentMethodsActivity"
142-->[com.mercadopago.android.px:checkout:4.53.2] AndroidManifest.xml:22:13-111
143            android:exported="false"
143-->[com.mercadopago.android.px:checkout:4.53.2] AndroidManifest.xml:23:13-37
144            android:label="@string/px_title_activity_payment_methods"
144-->[com.mercadopago.android.px:checkout:4.53.2] AndroidManifest.xml:24:13-70
145            android:screenOrientation="sensorPortrait"
145-->[com.mercadopago.android.px:checkout:4.53.2] AndroidManifest.xml:25:13-55
146            android:theme="@style/Theme.MercadoPagoTheme.NoActionBar" />
146-->[com.mercadopago.android.px:checkout:4.53.2] AndroidManifest.xml:26:13-70
147        <activity
147-->[com.mercadopago.android.px:checkout:4.53.2] AndroidManifest.xml:27:9-32:73
148            android:name="com.mercadopago.android.px.internal.features.bank_deals.BankDealsActivity"
148-->[com.mercadopago.android.px:checkout:4.53.2] AndroidManifest.xml:28:13-101
149            android:exported="false"
149-->[com.mercadopago.android.px:checkout:4.53.2] AndroidManifest.xml:29:13-37
150            android:label="@string/px_title_activity_bank_deals"
150-->[com.mercadopago.android.px:checkout:4.53.2] AndroidManifest.xml:30:13-65
151            android:screenOrientation="sensorPortrait"
151-->[com.mercadopago.android.px:checkout:4.53.2] AndroidManifest.xml:31:13-55
152            android:theme="@style/Theme.MercadoPagoTheme.NoActionBar" />
152-->[com.mercadopago.android.px:checkout:4.53.2] AndroidManifest.xml:32:13-70
153        <activity
153-->[com.mercadopago.android.px:checkout:4.53.2] AndroidManifest.xml:33:9-38:73
154            android:name="com.mercadopago.android.px.internal.features.TermsAndConditionsActivity"
154-->[com.mercadopago.android.px:checkout:4.53.2] AndroidManifest.xml:34:13-99
155            android:exported="false"
155-->[com.mercadopago.android.px:checkout:4.53.2] AndroidManifest.xml:35:13-37
156            android:label="@string/px_title_activity_terms_and_conditions"
156-->[com.mercadopago.android.px:checkout:4.53.2] AndroidManifest.xml:36:13-75
157            android:screenOrientation="sensorPortrait"
157-->[com.mercadopago.android.px:checkout:4.53.2] AndroidManifest.xml:37:13-55
158            android:theme="@style/Theme.MercadoPagoTheme.NoActionBar" />
158-->[com.mercadopago.android.px:checkout:4.53.2] AndroidManifest.xml:38:13-70
159        <activity
159-->[com.mercadopago.android.px:checkout:4.53.2] AndroidManifest.xml:39:9-69:20
160            android:name="com.mercadopago.android.px.internal.features.checkout.CheckoutActivity"
160-->[com.mercadopago.android.px:checkout:4.53.2] AndroidManifest.xml:40:13-98
161            android:exported="true"
161-->[com.mercadopago.android.px:checkout:4.53.2] AndroidManifest.xml:41:13-36
162            android:label=""
162-->[com.mercadopago.android.px:checkout:4.53.2] AndroidManifest.xml:42:13-29
163            android:launchMode="singleTask"
163-->[com.mercadopago.android.px:checkout:4.53.2] AndroidManifest.xml:43:13-44
164            android:screenOrientation="sensorPortrait"
164-->[com.mercadopago.android.px:checkout:4.53.2] AndroidManifest.xml:44:13-55
165            android:theme="@style/Theme.MercadoPagoTheme.NoActionBar"
165-->[com.mercadopago.android.px:checkout:4.53.2] AndroidManifest.xml:45:13-70
166            android:windowSoftInputMode="adjustResize" >
166-->[com.mercadopago.android.px:checkout:4.53.2] AndroidManifest.xml:46:13-55
167            <intent-filter>
167-->[com.mercadopago.android.px:checkout:4.53.2] AndroidManifest.xml:47:13-57:29
168                <action android:name="android.intent.action.VIEW" />
168-->[com.mercadopago.android.px:checkout:4.53.2] AndroidManifest.xml:48:17-69
168-->[com.mercadopago.android.px:checkout:4.53.2] AndroidManifest.xml:48:25-66
169
170                <category android:name="android.intent.category.DEFAULT" />
170-->[com.mercadopago.android.px:checkout:4.53.2] AndroidManifest.xml:50:17-76
170-->[com.mercadopago.android.px:checkout:4.53.2] AndroidManifest.xml:50:27-73
171                <category android:name="android.intent.category.BROWSABLE" />
171-->[com.mercadopago.android.px:checkout:4.53.2] AndroidManifest.xml:51:17-78
171-->[com.mercadopago.android.px:checkout:4.53.2] AndroidManifest.xml:51:27-75
172
173                <data
173-->src\main\AndroidManifest.xml:42:13-50
174                    android:host="px"
175                    android:path="/one_tap"
176                    android:scheme="mercadopago" />
177            </intent-filter>
178            <intent-filter>
178-->[com.mercadopago.android.px:checkout:4.53.2] AndroidManifest.xml:58:13-68:29
179                <action android:name="android.intent.action.VIEW" />
179-->[com.mercadopago.android.px:checkout:4.53.2] AndroidManifest.xml:48:17-69
179-->[com.mercadopago.android.px:checkout:4.53.2] AndroidManifest.xml:48:25-66
180
181                <category android:name="android.intent.category.DEFAULT" />
181-->[com.mercadopago.android.px:checkout:4.53.2] AndroidManifest.xml:50:17-76
181-->[com.mercadopago.android.px:checkout:4.53.2] AndroidManifest.xml:50:27-73
182                <category android:name="android.intent.category.BROWSABLE" />
182-->[com.mercadopago.android.px:checkout:4.53.2] AndroidManifest.xml:51:17-78
182-->[com.mercadopago.android.px:checkout:4.53.2] AndroidManifest.xml:51:27-75
183
184                <data
184-->src\main\AndroidManifest.xml:42:13-50
185                    android:host="px"
186                    android:path="/one_tap"
187                    android:scheme="meli" />
188            </intent-filter>
189        </activity>
190        <activity
190-->[com.mercadopago.android.px:checkout:4.53.2] AndroidManifest.xml:70:9-75:58
191            android:name="com.mercadopago.android.px.internal.features.guessing_card.GuessingCardActivity"
191-->[com.mercadopago.android.px:checkout:4.53.2] AndroidManifest.xml:71:13-107
192            android:exported="false"
192-->[com.mercadopago.android.px:checkout:4.53.2] AndroidManifest.xml:72:13-37
193            android:screenOrientation="sensorPortrait"
193-->[com.mercadopago.android.px:checkout:4.53.2] AndroidManifest.xml:73:13-55
194            android:theme="@style/Theme.MercadoPagoTheme.NoActionBar"
194-->[com.mercadopago.android.px:checkout:4.53.2] AndroidManifest.xml:74:13-70
195            android:windowSoftInputMode="adjustResize" />
195-->[com.mercadopago.android.px:checkout:4.53.2] AndroidManifest.xml:75:13-55
196        <activity
196-->[com.mercadopago.android.px:checkout:4.53.2] AndroidManifest.xml:76:9-80:73
197            android:name="com.mercadopago.android.px.internal.features.payment_vault.PaymentVaultActivity"
197-->[com.mercadopago.android.px:checkout:4.53.2] AndroidManifest.xml:77:13-107
198            android:exported="false"
198-->[com.mercadopago.android.px:checkout:4.53.2] AndroidManifest.xml:78:13-37
199            android:screenOrientation="sensorPortrait"
199-->[com.mercadopago.android.px:checkout:4.53.2] AndroidManifest.xml:79:13-55
200            android:theme="@style/Theme.MercadoPagoTheme.NoActionBar" />
200-->[com.mercadopago.android.px:checkout:4.53.2] AndroidManifest.xml:80:13-70
201        <activity
201-->[com.mercadopago.android.px:checkout:4.53.2] AndroidManifest.xml:81:9-85:73
202            android:name="com.mercadopago.android.px.internal.features.installments.InstallmentsActivity"
202-->[com.mercadopago.android.px:checkout:4.53.2] AndroidManifest.xml:82:13-106
203            android:exported="false"
203-->[com.mercadopago.android.px:checkout:4.53.2] AndroidManifest.xml:83:13-37
204            android:screenOrientation="sensorPortrait"
204-->[com.mercadopago.android.px:checkout:4.53.2] AndroidManifest.xml:84:13-55
205            android:theme="@style/Theme.MercadoPagoTheme.NoActionBar" />
205-->[com.mercadopago.android.px:checkout:4.53.2] AndroidManifest.xml:85:13-70
206        <activity
206-->[com.mercadopago.android.px:checkout:4.53.2] AndroidManifest.xml:86:9-90:73
207            android:name="com.mercadopago.android.px.internal.features.IssuersActivity"
207-->[com.mercadopago.android.px:checkout:4.53.2] AndroidManifest.xml:87:13-88
208            android:exported="false"
208-->[com.mercadopago.android.px:checkout:4.53.2] AndroidManifest.xml:88:13-37
209            android:screenOrientation="sensorPortrait"
209-->[com.mercadopago.android.px:checkout:4.53.2] AndroidManifest.xml:89:13-55
210            android:theme="@style/Theme.MercadoPagoTheme.NoActionBar" />
210-->[com.mercadopago.android.px:checkout:4.53.2] AndroidManifest.xml:90:13-70
211        <activity
211-->[com.mercadopago.android.px:checkout:4.53.2] AndroidManifest.xml:91:9-95:73
212            android:name="com.mercadopago.android.px.internal.features.cardvault.CardVaultActivity"
212-->[com.mercadopago.android.px:checkout:4.53.2] AndroidManifest.xml:92:13-100
213            android:exported="false"
213-->[com.mercadopago.android.px:checkout:4.53.2] AndroidManifest.xml:93:13-37
214            android:screenOrientation="sensorPortrait"
214-->[com.mercadopago.android.px:checkout:4.53.2] AndroidManifest.xml:94:13-55
215            android:theme="@style/Theme.MercadoPagoTheme.NoActionBar" />
215-->[com.mercadopago.android.px:checkout:4.53.2] AndroidManifest.xml:95:13-70
216        <activity
216-->[com.mercadopago.android.px:checkout:4.53.2] AndroidManifest.xml:96:9-100:73
217            android:name="com.mercadopago.android.px.internal.features.ErrorActivity"
217-->[com.mercadopago.android.px:checkout:4.53.2] AndroidManifest.xml:97:13-86
218            android:exported="false"
218-->[com.mercadopago.android.px:checkout:4.53.2] AndroidManifest.xml:98:13-37
219            android:screenOrientation="sensorPortrait"
219-->[com.mercadopago.android.px:checkout:4.53.2] AndroidManifest.xml:99:13-55
220            android:theme="@style/Theme.MercadoPagoTheme.NoActionBar" />
220-->[com.mercadopago.android.px:checkout:4.53.2] AndroidManifest.xml:100:13-70
221        <activity
221-->[com.mercadopago.android.px:checkout:4.53.2] AndroidManifest.xml:101:9-106:73
222            android:name="com.mercadopago.android.px.internal.features.payment_result.PaymentResultActivity"
222-->[com.mercadopago.android.px:checkout:4.53.2] AndroidManifest.xml:102:13-109
223            android:exported="false"
223-->[com.mercadopago.android.px:checkout:4.53.2] AndroidManifest.xml:103:13-37
224            android:label=""
224-->[com.mercadopago.android.px:checkout:4.53.2] AndroidManifest.xml:104:13-29
225            android:screenOrientation="sensorPortrait"
225-->[com.mercadopago.android.px:checkout:4.53.2] AndroidManifest.xml:105:13-55
226            android:theme="@style/Theme.MercadoPagoTheme.NoActionBar" />
226-->[com.mercadopago.android.px:checkout:4.53.2] AndroidManifest.xml:106:13-70
227        <activity
227-->[com.mercadopago.android.px:checkout:4.53.2] AndroidManifest.xml:107:9-113:58
228            android:name="com.mercadopago.android.px.internal.features.SecurityCodeActivity"
228-->[com.mercadopago.android.px:checkout:4.53.2] AndroidManifest.xml:108:13-93
229            android:exported="false"
229-->[com.mercadopago.android.px:checkout:4.53.2] AndroidManifest.xml:109:13-37
230            android:label=""
230-->[com.mercadopago.android.px:checkout:4.53.2] AndroidManifest.xml:110:13-29
231            android:screenOrientation="sensorPortrait"
231-->[com.mercadopago.android.px:checkout:4.53.2] AndroidManifest.xml:111:13-55
232            android:theme="@style/Theme.MercadoPagoTheme.NoActionBar"
232-->[com.mercadopago.android.px:checkout:4.53.2] AndroidManifest.xml:112:13-70
233            android:windowSoftInputMode="stateVisible" />
233-->[com.mercadopago.android.px:checkout:4.53.2] AndroidManifest.xml:113:13-55
234        <activity
234-->[com.mercadopago.android.px:checkout:4.53.2] AndroidManifest.xml:114:9-118:73
235            android:name="com.mercadopago.android.px.internal.features.PaymentTypesActivity"
235-->[com.mercadopago.android.px:checkout:4.53.2] AndroidManifest.xml:115:13-93
236            android:exported="false"
236-->[com.mercadopago.android.px:checkout:4.53.2] AndroidManifest.xml:116:13-37
237            android:screenOrientation="sensorPortrait"
237-->[com.mercadopago.android.px:checkout:4.53.2] AndroidManifest.xml:117:13-55
238            android:theme="@style/Theme.MercadoPagoTheme.NoActionBar" />
238-->[com.mercadopago.android.px:checkout:4.53.2] AndroidManifest.xml:118:13-70
239        <activity
239-->[com.mercadopago.android.px:checkout:4.53.2] AndroidManifest.xml:119:9-123:73
240            android:name="com.mercadopago.android.px.internal.features.review_payment_methods.ReviewPaymentMethodsActivity"
240-->[com.mercadopago.android.px:checkout:4.53.2] AndroidManifest.xml:120:13-124
241            android:exported="false"
241-->[com.mercadopago.android.px:checkout:4.53.2] AndroidManifest.xml:121:13-37
242            android:screenOrientation="sensorPortrait"
242-->[com.mercadopago.android.px:checkout:4.53.2] AndroidManifest.xml:122:13-55
243            android:theme="@style/Theme.MercadoPagoTheme.NoActionBar" />
243-->[com.mercadopago.android.px:checkout:4.53.2] AndroidManifest.xml:123:13-70
244        <activity
244-->[com.mercadopago.android.px:checkout:4.53.2] AndroidManifest.xml:124:9-128:73
245            android:name="com.mercadopago.android.px.internal.features.payer_information.PayerInformationActivity"
245-->[com.mercadopago.android.px:checkout:4.53.2] AndroidManifest.xml:125:13-115
246            android:exported="false"
246-->[com.mercadopago.android.px:checkout:4.53.2] AndroidManifest.xml:126:13-37
247            android:screenOrientation="sensorPortrait"
247-->[com.mercadopago.android.px:checkout:4.53.2] AndroidManifest.xml:127:13-55
248            android:theme="@style/Theme.MercadoPagoTheme.NoActionBar" />
248-->[com.mercadopago.android.px:checkout:4.53.2] AndroidManifest.xml:128:13-70
249        <activity
249-->[com.mercadopago.android.px:checkout:4.53.2] AndroidManifest.xml:129:9-133:73